2024-10-23 04:50:57,915 - INFO - Starting deployment for domain 'finance' with version '1.2.3'.
2024-10-23 04:50:57,917 - INFO - Starting deployment for domain 'HR' with version '2.3.4'.
2024-10-23 04:50:57,920 - INFO - Starting deployment for domain 'logistics' with version '3.4.5'.
2024-10-23 04:50:58,172 - INFO - Deployment command 'echo Deploying finance software version 1.2.3' executed successfully.
2024-10-23 04:50:58,195 - INFO - Deployment command 'echo Deploying HR software version 2.3.4' executed successfully.
2024-10-23 04:50:58,215 - INFO - Deployment command 'echo Deploying logistics software version 3.4.5' executed successfully.
2024-10-23 04:50:58,386 - INFO - Deployment command 'echo Deploying finance software version 1.2.3' executed successfully.
2024-10-23 04:50:58,492 - INFO - Deployment command 'echo Deploying HR software version 2.3.4' executed successfully.
2024-10-23 04:50:58,511 - INFO - Deployment command 'echo Deploying logistics software version 3.4.5' executed successfully.
2024-10-23 04:50:58,819 - INFO - Deployment command 'echo Deploying HR software version 2.3.4' executed successfully.
2024-10-23 04:50:58,886 - INFO - Deployment command 'echo Deploying finance software version 1.2.3' executed successfully.
2024-10-23 04:50:59,020 - INFO - Deployment command 'echo Deploying logistics software version 3.4.5' executed successfully.
2024-10-23 04:55:14,444 - INFO - Starting deployment for domain 'finance' with version '1.2.3'.
2024-10-23 04:55:14,445 - INFO - Starting deployment for domain 'HR' with version '2.3.4'.
2024-10-23 04:55:14,446 - INFO - Starting deployment for domain 'logistics' with version '3.4.5'.
2024-10-23 04:55:14,562 - INFO - Deployment command 'echo Deploying HR software version 2.3.4' executed successfully.
2024-10-23 04:55:14,574 - INFO - Deployment command 'echo Deploying finance software version 1.2.3' executed successfully.
2024-10-23 04:55:14,576 - INFO - Deployment command 'echo Deploying logistics software version 3.4.5' executed successfully.
2024-10-23 04:55:14,652 - INFO - Deployment command 'echo Deploying HR software version 2.3.4' executed successfully.
2024-10-23 04:55:14,676 - INFO - Deployment command 'echo Deploying finance software version 1.2.3' executed successfully.
2024-10-23 04:55:14,714 - INFO - Deployment command 'echo Deploying logistics software version 3.4.5' executed successfully.
2024-10-23 04:55:14,750 - INFO - Deployment command 'echo Deploying HR software version 2.3.4' executed successfully.
2024-10-23 04:55:14,763 - INFO - Deployment command 'echo Deploying finance software version 1.2.3' executed successfully.
2024-10-23 04:55:14,804 - INFO - Deployment command 'echo Deploying logistics software version 3.4.5' executed successfully.
2024-10-23 04:57:42,389 - INFO - Starting deployment for domain 'finance' with version '1.2.3' in 'staging' environment.
2024-10-23 04:57:42,393 - INFO - Starting deployment for finance.
2024-10-23 04:57:42,393 - INFO - Starting deployment for domain 'HR' with version '2.3.4' in 'production' environment.
2024-10-23 04:57:42,394 - INFO - Starting deployment for HR.
2024-10-23 04:57:42,489 - INFO - Deployment command 'echo Deploying finance software version 1.2.3' executed successfully.
2024-10-23 04:57:42,492 - INFO - Deployment command 'echo Deploying HR software version 2.3.4' executed successfully.
2024-10-23 04:57:42,493 - INFO - Deployment completed in 0.10 seconds.
2024-10-23 05:02:34,458 - INFO - Starting deployment for domain 'finance' with version '1.2.3'.
2024-10-23 05:02:34,459 - INFO - Starting deployment for domain 'HR' with version '2.3.4'.
2024-10-23 05:02:34,541 - INFO - Deployment command 'echo Deploying HR software version 2.3.4' executed successfully.
2024-10-23 05:02:34,543 - INFO - Deployment command 'echo Deploying finance software version 1.2.3' executed successfully.
2024-10-23 05:02:34,545 - INFO - Deployment to domain 'HR' completed successfully.
2024-10-23 05:02:34,546 - INFO - Deployment to domain 'finance' completed successfully.
2024-10-23 05:49:49,807 - INFO - Starting deployment for finance.
2024-10-23 05:49:49,807 - INFO - Starting deployment for HR.
2024-10-23 05:49:49,890 - INFO - Deployment command 'echo Deploying finance software version 1.2.3' executed successfully.
2024-10-23 05:49:49,893 - INFO - Deployment command 'echo Deploying HR software version 2.3.4' executed successfully.
2024-10-23 05:49:49,930 - INFO - All deployments completed successfully.
2024-10-23 05:51:40,400 - INFO - Starting deployment for finance.
2024-10-23 05:51:40,426 - INFO - Starting deployment for HR.
2024-10-23 05:51:40,479 - INFO - Deployment command 'echo Deploying finance software version 1.2.3' executed successfully.
2024-10-23 05:51:40,525 - INFO - Deployment command 'echo Deploying HR software version 2.3.4' executed successfully.
2024-10-23 05:51:40,551 - INFO - All deployments completed successfully.
2024-10-23 05:54:33,590 - INFO - Starting deployment for finance.
2024-10-23 05:54:33,629 - INFO - Starting deployment for HR.
2024-10-23 05:54:33,683 - INFO - Deployment command 'echo Deploying finance software version 1.2.3' executed successfully.
2024-10-23 05:54:33,731 - INFO - Deployment command 'echo Deploying HR software version 2.3.4' executed successfully.
2024-10-23 05:54:33,760 - INFO - All deployments completed successfully.
2024-10-23 05:58:11,676 - INFO - Starting deployment for finance.
2024-10-23 05:58:11,710 - INFO - Starting deployment for HR.
2024-10-23 05:58:11,752 - INFO - Deployment command 'echo Deploying finance software version 1.2.3' executed successfully.
2024-10-23 05:58:11,806 - INFO - Deployment command 'echo Deploying HR software version 2.3.4' executed successfully.
2024-10-23 05:58:11,836 - INFO - All deployments completed successfully.
2024-10-23 05:58:16,295 - INFO - Starting deployment for finance.
2024-10-23 05:58:16,323 - INFO - Starting deployment for HR.
2024-10-23 05:58:16,369 - INFO - Deployment command 'echo Deploying finance software version 1.2.3' executed successfully.
2024-10-23 05:58:16,407 - INFO - Deployment command 'echo Deploying HR software version 2.3.4' executed successfully.
2024-10-23 05:58:16,439 - INFO - All deployments completed successfully.
