2024-12-03 07:36:55,282 Sensor 1 collected data: 43
2024-12-03 07:36:55,283 Sensor 1 battery level: 100%
2024-12-03 07:36:55,284 Sensor 1 sending data: 43 to the central server...
2024-12-03 07:36:55,285 Updating software on Sensor 1...
2024-12-03 07:36:57,286 Sensor 1 software updated.
2024-12-03 07:36:57,287 Sensor 2 collected data: 37
2024-12-03 07:36:57,287 Sensor 2 battery level: 100%
2024-12-03 07:36:57,288 Sensor 2 sending data: 37 to the central server...
2024-12-03 07:36:57,288 Updating software on Sensor 2...
2024-12-03 07:36:59,289 Sensor 2 software updated.
2024-12-03 07:36:59,290 Sensor 3 collected data: 88
2024-12-03 07:36:59,298 Sensor 3 battery level: 100%
2024-12-03 07:36:59,298 Sensor 3 sending data: 88 to the central server...
2024-12-03 07:36:59,298 Updating software on Sensor 3...
2024-12-03 07:37:01,299 Sensor 3 software updated.
2024-12-03 07:37:01,300 Sensor 4 collected data: 30
2024-12-03 07:37:01,300 Sensor 4 battery level: 100%
2024-12-03 07:37:01,300 Sensor 4 sending data: 30 to the central server...
2024-12-03 07:37:01,300 Updating software on Sensor 4...
2024-12-03 07:37:03,301 Sensor 4 software updated.
2024-12-03 07:37:03,301 Sensor 5 collected data: 0
2024-12-03 07:37:03,302 Sensor 5 battery level: 100%
2024-12-03 07:37:03,302 Sensor 5 sending data: 0 to the central server...
2024-12-03 07:37:03,302 Updating software on Sensor 5...
2024-12-03 07:37:05,303 Sensor 5 software updated.
2024-12-03 07:37:05,304 Node 1 is active.
2024-12-03 07:37:05,305 Node 2 is active.
2024-12-03 07:37:05,305 Node 3 is active.
2024-12-03 07:37:05,305 Node 4 is active.
2024-12-03 07:37:05,306 Node 5 is active.
